<?xml version="1.0" encoding="utf-8"?><testsuites name="pytest tests"><testsuite name="pytest" errors="0" failures="0" skipped="0" tests="20" time="60.046" timestamp="2026-05-06T07:51:45.175648+00:00" hostname="agent-env-1ada678a-3e41-4c19-b9d2-1ab455e287f4"><testcase classname="backend.tests.backend_test.TestRoot" name="test_root_status" time="0.235" /><testcase classname="backend.tests.backend_test.TestRoot" name="test_list_agents" time="0.051" /><testcase classname="backend.tests.backend_test.TestProfiles" name="test_create_and_get_profile" time="0.113" /><testcase classname="backend.tests.backend_test.TestProfiles" name="test_profile_upsert_by_session" time="0.118" /><testcase classname="backend.tests.backend_test.TestProfiles" name="test_get_missing_profile_returns_null" time="0.055" /><testcase classname="backend.tests.backend_test.TestAgentAI" name="test_research_chat_non_empty" time="27.890" /><testcase classname="backend.tests.backend_test.TestAgentAI" name="test_profile_generate_non_empty" time="12.842" /><testcase classname="backend.tests.backend_test.TestAgentAI" name="test_compliance_generate_has_disclaimer" time="14.003" /><testcase classname="backend.tests.backend_test.TestAgentAI" name="test_unknown_agent_falls_back_to_general" time="3.729" /><testcase classname="backend.tests.backend_test.TestVault" name="test_save_doc" time="0.061" /><testcase classname="backend.tests.backend_test.TestVault" name="test_list_docs" time="0.074" /><testcase classname="backend.tests.backend_test.TestVault" name="test_delete_doc" time="0.114" /><testcase classname="backend.tests.backend_test.TestTasks" name="test_create_task" time="0.061" /><testcase classname="backend.tests.backend_test.TestTasks" name="test_list_tasks" time="0.057" /><testcase classname="backend.tests.backend_test.TestTasks" name="test_toggle_done" time="0.132" /><testcase classname="backend.tests.backend_test.TestTasks" name="test_patch_unknown_returns_404" time="0.053" /><testcase classname="backend.tests.backend_test.TestTasks" name="test_delete_task" time="0.054" /><testcase classname="backend.tests.backend_test.TestResources" name="test_list_all" time="0.051" /><testcase classname="backend.tests.backend_test.TestResources" name="test_filter_south_africa" time="0.052" /><testcase classname="backend.tests.backend_test" name="test_zz_cleanup" time="0.099" /></testsuite></testsuites>