<?xml version="1.0" encoding="utf-8"?><testsuites name="pytest tests"><testsuite name="pytest" errors="0" failures="0" skipped="0" tests="18" time="21.385" timestamp="2026-05-05T15:48:04.786801+00:00" hostname="agent-env-1ada678a-3e41-4c19-b9d2-1ab455e287f4"><testcase classname="backend.tests.backend_test.TestRoot" name="test_root_status" time="0.295" /><testcase classname="backend.tests.backend_test.TestRoot" name="test_list_agents" time="0.072" /><testcase classname="backend.tests.backend_test.TestProfiles" name="test_create_and_get_profile" time="0.177" /><testcase classname="backend.tests.backend_test.TestProfiles" name="test_profile_upsert_by_session" time="0.146" /><testcase classname="backend.tests.backend_test.TestProfiles" name="test_get_missing_profile_returns_null" time="0.088" /><testcase classname="backend.tests.backend_test.TestAgentAI" name="test_research_chat_non_empty" time="8.744" /><testcase classname="backend.tests.backend_test.TestAgentAI" name="test_profile_generate_non_empty" time="10.364" /><testcase classname="backend.tests.backend_test.TestVault" name="test_save_doc" time="0.085" /><testcase classname="backend.tests.backend_test.TestVault" name="test_list_docs" time="0.068" /><testcase classname="backend.tests.backend_test.TestVault" name="test_delete_doc" time="0.138" /><testcase classname="backend.tests.backend_test.TestTasks" name="test_create_task" time="0.095" /><testcase classname="backend.tests.backend_test.TestTasks" name="test_list_tasks" time="0.073" /><testcase classname="backend.tests.backend_test.TestTasks" name="test_toggle_done" time="0.161" /><testcase classname="backend.tests.backend_test.TestTasks" name="test_patch_unknown_returns_404" time="0.125" /><testcase classname="backend.tests.backend_test.TestTasks" name="test_delete_task" time="0.102" /><testcase classname="backend.tests.backend_test.TestResources" name="test_list_all" time="0.072" /><testcase classname="backend.tests.backend_test.TestResources" name="test_filter_south_africa" time="0.070" /><testcase classname="backend.tests.backend_test" name="test_zz_cleanup" time="0.145" /></testsuite></testsuites>